37.484707,55.666306
37.483978,55.666306
37.483120,55.666306
37.482517,55.666332
37.482002,55.666451
37.481403,55.666622
37.481102,55.666840
37.480740,55.667057
37.480457,55.667313
37.480244,55.667503
37.480030,55.667747
37.479881,55.668098
37.479645,55.668289
37.479427,55.668545
37.479214,55.668751
37.479042,55.668945
37.478851,55.669174
37.478550,55.669502
37.478378,55.669842
37.478100,55.670082
37.477970,55.670361
37.477669,55.670555
37.477692,55.670773
37.477432,55.671024
37.477200,55.671196
37.477070,55.671474
37.476833,55.671764
37.476685,55.672104
37.476791,55.672356
37.476898,55.672600
37.477112,55.672756
37.477348,55.673012
37.477650,55.673279
37.478012,55.673458
37.478313,55.673630
37.478745,55.673798
37.479195,55.673965
37.479408,55.674171
37.480030,55.674305
37.480289,55.674450
37.480694,55.674595
37.481148,55.674717
37.481339,55.674885
37.481834,55.674984
37.482197,55.675140
37.482540,55.675297
37.482971,55.675442
37.483376,55.675529
37.483723,55.675709
37.484470,55.675892
37.484772,55.675854
37.484795,55.675709
37.484859,55.675453
37.485138,55.675335
37.485329,55.675018
37.485500,55.674873
37.485802,55.674683
37.486103,55.674561
37.486382,55.674377
37.486404,55.674221
37.486683,55.674126
37.486813,55.673954
37.487045,55.673786
37.487240,55.673664
37.487476,55.673542
37.487755,55.673374
37.487991,55.673203
37.488270,55.673084
37.488464,55.672939
37.488785,55.672806
37.489040,55.672649
37.489407,55.672539
37.489815,55.672260
37.490158,55.672188
37.490395,55.672092
37.490738,55.671993
37.491211,55.671837
37.491680,55.671703
37.492111,55.671535
37.492561,55.671425
37.493290,55.671112
37.493591,55.671001
37.493935,55.670929
37.494343,55.670795
37.494751,55.670567
37.494644,55.670322
37.494148,55.670155
37.493893,55.669960
37.493591,55.669781
37.493336,55.669598
37.492928,55.669441
37.492626,55.669247
37.492218,55.669113
37.491962,55.668980
37.491402,55.668789
37.491016,55.668617
37.490524,55.668510
37.490009,55.668350
37.489857,55.668194
37.489513,55.668087
37.489235,55.667965
37.488743,55.667854
37.488377,55.667664
37.487968,55.667519
37.487411,55.667374
37.487152,55.667152
37.486702,55.666935
37.486252,55.666767
37.486061,55.666584
37.485672,55.666389
37.485287,55.666210
37.484943,55.666115
37.484707,55.666306

