34.3474,61.78489
34.3471,61.78455
34.3479,61.78398
34.3490,61.78319
34.3502,61.78234
34.3510,61.78161
34.3522,61.78086
34.3533,61.78002
34.3542,61.77919
34.3549,61.77840
34.3553,61.77751
34.3558,61.77678
34.3560,61.77623
34.3566,61.77558
34.3572,61.77485
34.3580,61.77422
34.3599,61.77381
34.3619,61.77438
34.3626,61.77469
34.3633,61.77527
34.3650,61.77558
34.3654,61.77617
34.3673,61.77665
34.3690,61.77704
34.3686,61.77720
34.3679,61.77757
34.3674,61.77803
34.3671,61.77842
34.3670,61.77860
34.3662,61.77899
34.3658,61.77925
34.3653,61.77972
34.3648,61.77996
34.3643,61.78033
34.3639,61.78071
34.3633,61.78112
34.3631,61.78132
34.3624,61.78167
34.3620,61.78203
34.3615,61.78246
34.36090,61.78282
34.36064,61.78309
34.35931,61.78305
34.35841,61.78270
34.35730,61.78244
34.35639,61.78203
34.35579,61.78232
34.35532,61.78268
34.35481,61.78299
34.35442,61.78333
34.35395,61.78374
34.35339,61.78388
34.35309,61.78432
34.35249,61.78473
34.35197,61.78495
34.35167,61.78534
34.35137,61.78552
34.35081,61.78583
34.34991,61.78601
34.34888,61.78570
34.34768,61.78564
34.34742,61.78489
