37.48462,55.66570
37.48419,55.66536
37.48383,55.66502
37.48361,55.66476
37.48342,55.66455
37.48310,55.66422
37.48288,55.66389
37.48256,55.66374
37.48175,55.66375
37.48102,55.66384
37.48016,55.66387
37.47934,55.66397
37.47855,55.66407
37.47778,55.66410
37.47692,55.66419
37.47630,55.66427
37.47544,55.66433
37.47473,55.66443
37.47398,55.66450
37.47325,55.66461
37.47233,55.66468
37.47185,55.66471
37.47160,55.664733
37.47119,55.664770
37.47070,55.664818
37.47027,55.664854
37.46982,55.664903
37.46963,55.664915
37.46945,55.664945
37.46915,55.664957
37.46882,55.664993
37.46844,55.665018
37.46808,55.665036
37.46779,55.665121
37.46778,55.665308
37.46777,55.665490
37.46779,55.665677
37.46809,55.665871
37.46855,55.666059
37.46908,55.666276
37.46951,55.666440
37.46989,55.666621
37.47034,55.666839
37.47084,55.667009
37.47120,55.667166
37.47163,55.667341
37.47200,55.667547
37.47253,55.667759
37.47295,55.667934
37.47336,55.668128
37.47381,55.668291
37.47427,55.668473
37.47459,55.668636
37.47500,55.668806
37.47544,55.668987
37.47616,55.669229
37.47654,55.669447
37.47699,55.669610
37.47734,55.669786
37.47783,55.669980
37.47825,55.669786
37.47837,55.669641
37.47844,55.669514
37.47867,55.669429
37.47870,55.669290
37.47882,55.669175
37.47892,55.669011
37.47897,55.668872
37.47916,55.668739
37.47928,55.668588
37.47930,55.668479
37.47945,55.668376
37.47954,55.668237
37.47958,55.668170
37.47968,55.668067
37.47974,55.667995
37.47984,55.667868
37.47995,55.667801
37.48000,55.667704
37.48016,55.667589
37.48026,55.667499
37.48032,55.667372
37.48044,55.667245
37.48055,55.667136
37.48066,55.667051
37.48078,55.666960
37.48092,55.666869
37.48116,55.666718
37.48139,55.666609
37.48152,55.666512
37.48174,55.666428
37.48196,55.666343
37.48214,55.666264
37.48249,55.666216
37.48276,55.666161
37.48330,55.666119
37.48396,55.666131
37.48430,55.666071
37.48456,55.665962
