34.35030,61.78624
34.35011,61.78637
34.34989,61.78651
34.34985,61.78660
34.34961,61.78671
34.34944,61.78681
34.34927,61.78701
34.34925,61.78716
34.34897,61.78730
34.34880,61.78737
34.34923,61.78755
34.35010,61.78775
34.35021,61.78797
34.35109,61.78830
34.35191,61.78850
34.35255,61.78858
34.35301,61.78871
34.35346,61.78885
34.35384,61.78894
34.35415,61.78905
34.35452,61.78915
34.35485,61.78925
34.35519,61.78933
34.35541,61.78944
34.35562,61.78954
34.35601,61.78962
34.35633,61.78970
34.35657,61.78983
34.35699,61.78994
34.35743,61.79008
34.35782,61.79018
34.35811,61.79026
34.35848,61.79041
34.35887,61.79051
34.35925,61.79061
34.35958,61.79068
34.35984,61.79082
34.36026,61.79099
34.36076,61.79108
34.36105,61.79121
34.36159,61.79137
34.36199,61.79147
34.36271,61.79137
34.36295,61.79122
34.36315,61.79107
34.36336,61.79093
34.36354,61.79074
34.36376,61.79057
34.36396,61.79037
34.36364,61.79030
34.36324,61.79021
34.36302,61.79010
34.36275,61.79005
34.36240,61.78987
34.36210,61.78978
34.36188,61.78979
34.36157,61.78964
34.36122,61.78954
34.36098,61.78948
34.36069,61.78937
34.36020,61.78920
34.35968,61.78909
34.35927,61.78897
34.35903,61.78887
34.35867,61.78877
34.35835,61.78865
34.35789,61.78856
34.35765,61.78844
34.35724,61.78835
34.35678,61.78824
34.35653,61.78809
34.35616,61.78803
34.35587,61.78789
34.35562,61.78778
34.35525,61.78763
34.35502,61.78757
34.35466,61.78746
34.35418,61.78740
34.35382,61.78726
34.35370,61.78713
34.35339,61.78702
34.35277,61.78691
34.35228,61.78672
34.35195,61.78664
34.35160,61.78655
