34.35439,61.78739
34.35496,61.78753
34.35543,61.78769
34.35591,61.78781
34.35642,61.78795
34.35673,61.78808
34.35712,61.78825
34.35765,61.78838
34.35805,61.78846
34.35843,61.78861
34.35908,61.78873
34.35977,61.78884
34.36046,61.78863
34.36092,61.78847
34.36157,61.78828
34.36209,61.78814
34.36280,61.78799
34.36329,61.78781
34.36337,61.78758
34.36358,61.78739
34.36394,61.78720
34.36461,61.78709
34.36519,61.78696
34.36552,61.78679
34.36575,61.78663
34.36597,61.78645
34.36633,61.78623
34.36656,61.78608
34.36679,61.78586
34.36709,61.78572
34.36727,61.78556
34.36737,61.78536
34.36717,61.78523
34.36678,61.78509
34.36654,61.78502
34.36625,61.78490
34.36596,61.78478
34.36558,61.78466
34.36522,61.78458
34.36491,61.78447
34.36454,61.78437
34.36401,61.78423
34.36376,61.78412
34.36349,61.78402
34.36315,61.78388
34.36285,61.78378
34.36266,61.78371
34.36225,61.78371
34.36195,61.78358
34.36165,61.78347
34.36126,61.78337
34.36088,61.78324
34.36063,61.78313
34.36040,61.78297
34.36029,61.78306
34.36011,61.78315
34.36006,61.78324
34.35988,61.78338
34.35967,61.78350
34.35955,61.78366
34.35942,61.78377
34.35922,61.78392
34.35899,61.78399
34.35888,61.78414
34.35871,61.78422
34.35861,61.78430
34.35846,61.78444
34.35834,61.78457
34.35820,61.78464
34.35806,61.78475
34.35786,61.78484
34.35768,61.78492
34.35761,61.78502
34.35742,61.78510
34.35727,61.78523
34.35709,61.78533
34.35704,61.78543
34.35689,61.78554
34.35673,61.78562
34.35658,61.78570
34.35642,61.78579
34.35648,61.78593
34.35628,61.78601
34.35604,61.78612
34.35589,61.78623
34.35579,61.78634
34.35561,61.78644
34.35552,61.78651
34.35543,61.78661
34.35529,61.78671
34.35510,61.78684
34.35497,61.78691
34.35484,61.78696
34.35475,61.78708
34.35465,61.78718
