37.467587,55.665169
37.467606,55.665001
37.467564,55.664768
37.467476,55.664551
37.467415,55.664345
37.467369,55.664116
37.467304,55.663921
37.467285,55.663670
37.467285,55.663425
37.467262,55.663158
37.467072,55.662968
37.467007,55.662785
37.466984,55.662529
37.466877,55.662277
37.466812,55.662083
37.466789,55.661816
37.466682,55.661598
37.466663,55.661331
37.466599,55.661114
37.466534,55.660919
37.466469,55.660618
37.466446,55.660244
37.466320,55.660038
37.466320,55.659794
37.466320,55.659599
37.466190,55.659370
37.466084,55.659164
37.465931,55.658840
37.465889,55.658573
37.465805,55.658329
37.466167,55.658245
37.466576,55.658222
37.466835,55.658211
37.467220,55.658138
37.467648,55.658112
37.468121,55.658112
37.468506,55.658077
37.469002,55.658051
37.469475,55.657990
37.470139,55.657906
37.470459,55.657894
37.470802,55.657871
37.471405,55.657749
37.471790,55.657749
37.472134,55.657906
37.472198,55.658184
37.472435,55.658585
37.472389,55.658741
37.472477,55.658985
37.472519,55.659214
37.472607,55.659454
37.472649,55.659687
37.472820,55.659832
37.472778,55.660099
37.472843,55.660255
37.472862,55.660450
37.472927,55.660728
37.473015,55.660992
37.473099,55.661285
37.473206,55.661659
37.473293,55.661888
37.473400,55.662094
37.473419,55.662373
37.473484,55.662506
37.473507,55.662834
37.473530,55.663063
37.473637,55.663269
37.473721,55.663414
37.473743,55.663597
37.473785,55.663765
37.473808,55.664005
37.473827,55.664238
37.473980,55.664433
37.473595,55.664562
37.473228,55.664577
37.472820,55.664635
37.472458,55.664661
37.472092,55.664696
37.471790,55.664707
37.471405,55.664745
37.471020,55.664795
37.470524,55.664806
37.470161,55.664829
37.469753,55.664890
37.469387,55.664902
37.469044,55.664951
37.468616,55.665001
37.468292,55.665073
37.467930,55.665134
37.467587,55.665169

