37.46640,55.660134
37.46640,55.660134
37.46664,55.660122
37.46664,55.660122
37.46703,55.660049
37.46703,55.660049
37.46741,55.659928
37.46741,55.659928
37.46771,55.659856
37.46771,55.659856
37.46808,55.659843
37.46808,55.659843
37.46840,55.659856
37.46840,55.659856
37.46864,55.659843
37.46864,55.659843
37.46883,55.659807
37.46883,55.659807
37.46896,55.659734
37.46896,55.659734
37.46915,55.659698
37.46915,55.659698
37.46943,55.659650
37.46943,55.659650
37.46962,55.659541
37.46962,55.659541
37.46947,55.659408
37.46947,55.659408
37.46930,55.659311
37.46930,55.659311
37.46917,55.659226
37.46917,55.659226
37.46900,55.659141
37.46900,55.659141
37.46898,55.659020
37.46898,55.659020
37.46891,55.658936
37.46891,55.658936
37.46881,55.658802
37.46881,55.658802
37.46879,55.658706
37.46879,55.658706
37.46876,55.658609
37.46876,55.658609
37.46881,55.658488
37.46881,55.658488
37.46891,55.658415
37.46891,55.658415
37.46898,55.658294
37.46898,55.658294
37.46911,55.658149
37.46911,55.658149
37.46939,55.658040
37.46939,55.658040
37.46977,55.657919
37.46977,55.657919
37.47025,55.657870
37.47025,55.657870
37.47059,55.657822
37.47059,55.657822
37.47097,55.657786
37.47097,55.657786
37.47145,55.657737
37.47145,55.657737
37.47188,55.657677
37.47188,55.657677
37.47190,55.657507
37.47190,55.657507
37.47194,55.657422
37.47194,55.657422
37.47183,55.657253
37.47183,55.657253
37.47183,55.657120
37.47183,55.657120
37.47175,55.656987
37.47175,55.656987
37.47168,55.656878
37.47168,55.656878
37.47140,55.656805
37.47140,55.656805
37.47115,55.656829
37.47115,55.656829
37.47089,55.656866
37.47089,55.656866
37.47061,55.656890
37.47061,55.656890
37.47025,55.656950
37.47025,55.656950
37.46986,55.656999
37.46986,55.656999
37.46954,55.657011
37.46954,55.657011
37.46919,55.657071
37.46919,55.657071
37.46894,55.657084
37.46894,55.657084
37.46874,55.657205
37.46874,55.657205
37.46894,55.657483
37.46894,55.657483
37.46904,55.657798
37.46904,55.657798
37.46891,55.657991
37.46891,55.657991
37.46866,55.658040
37.46866,55.658040
37.46831,55.658052
37.46831,55.658052
37.46797,55.658076
37.46797,55.658076
37.46773,55.658100
37.46773,55.658100
37.46750,55.658125
37.46750,55.658125
37.46718,55.658149
37.46718,55.658149
37.46651,55.658221
37.46651,55.658221
37.46632,55.658270
37.46632,55.658270
37.46608,55.658258
37.46608,55.658258
37.46584,55.658355
37.46584,55.658355
37.46589,55.658566
37.46589,55.658566
37.46595,55.658766
37.46595,55.658766
37.46605,55.658966
37.46605,55.658966
37.46609,55.659129
37.46609,55.659129
37.46614,55.659311
37.46614,55.659311
37.46619,55.659553
37.46619,55.659553
37.46628,55.659753
37.46628,55.659753
37.46636,55.659983
37.46636,55.659983
37.46640,55.660134
37.46640,55.660134
