37.482605,55.663776
37.482433,55.663486
37.482304,55.663231
37.482327,55.662918
37.482327,55.662601
37.482048,55.662338
37.482002,55.662060
37.481876,55.661816
37.481853,55.661491
37.481663,55.661140
37.481663,55.660858
37.481552,55.660507
37.481339,55.660290
37.481297,55.660027
37.481232,55.659733
37.481148,55.659420
37.480995,55.659092
37.481037,55.658840
37.480911,55.658512
37.480865,55.658184
37.480740,55.657833
37.480633,55.657555
37.480633,55.657337
37.480438,55.656975
37.480438,55.656731
37.480350,55.656441
37.480244,55.656162
37.480179,55.655933
37.480030,55.655643
37.480030,55.655365
37.479900,55.655148
37.479450,55.655182
37.479023,55.655281
37.478573,55.655338
37.478058,55.655354
37.477585,55.655376
37.476852,55.655499
37.476231,55.655487
37.475803,55.655521
37.475288,55.655605
37.474731,55.655643
37.474277,55.655655
37.473934,55.655689
37.473530,55.655750
37.473034,55.655838
37.472389,55.655861
37.471874,55.655884
37.471619,55.656006
37.471577,55.656162
37.471535,55.656380
37.471684,55.656586
37.471874,55.656841
37.471832,55.657059
37.471855,55.657303
37.471855,55.657532
37.471943,55.657715
37.472004,55.657932
37.472111,55.658138
37.472157,55.658356
37.472198,55.658562
37.472305,55.658791
37.472370,55.659019
37.472458,55.659348
37.472607,55.659588
37.472672,55.659843
37.472843,55.660061
37.472843,55.660301
37.472927,55.660507
37.472950,55.660789
37.473057,55.660992
37.473141,55.661259
37.473206,55.661549
37.473293,55.661804
37.473335,55.662121
37.473358,55.662411
37.473419,55.662601
37.473530,55.662846
37.473595,55.663197
37.473637,55.663425
37.473656,55.663643
37.473763,55.663876
37.473808,55.664093
37.473915,55.664356
37.474064,55.664501
37.474407,55.664490
37.474731,55.664433
37.474945,55.664433
37.475246,55.664383
37.475674,55.664299
37.476040,55.664272
37.476425,55.664238
37.476746,55.664200
37.477089,55.664200
37.477413,55.664139
37.477798,55.664116
37.478184,55.664104
37.478485,55.664066
37.478870,55.664043
37.479301,55.664005
37.479580,55.663933
37.479965,55.663948
37.480267,55.663921
37.480782,55.663887
37.481190,55.663837
37.481640,55.663826
37.482067,55.663742
37.482605,55.663776
